mode: set
github.com/mstgnz/data-structures/example/main.go:12.13,36.2 1 0
github.com/mstgnz/data-structures/example/main.go:39.25,55.2 15 0
github.com/mstgnz/data-structures/example/main.go:58.27,66.2 7 0
github.com/mstgnz/data-structures/example/main.go:69.25,86.2 16 0
github.com/mstgnz/data-structures/example/main.go:89.19,107.2 16 0
github.com/mstgnz/data-structures/example/main.go:110.24,136.2 25 0
github.com/mstgnz/data-structures/example/main.go:139.19,167.2 27 0
github.com/mstgnz/data-structures/example/main.go:170.24,196.2 25 0
github.com/mstgnz/data-structures/example/main.go:199.19,219.2 19 0
github.com/mstgnz/data-structures/LinkedList/Circular.go:22.35,26.2 3 1
github.com/mstgnz/data-structures/LinkedList/Circular.go:29.44,33.2 3 1
github.com/mstgnz/data-structures/LinkedList/Circular.go:36.51,39.19 2 1
github.com/mstgnz/data-structures/LinkedList/Circular.go:39.19,41.25 2 1
github.com/mstgnz/data-structures/LinkedList/Circular.go:41.25,43.4 1 1
github.com/mstgnz/data-structures/LinkedList/Circular.go:44.3,44.19 1 1
github.com/mstgnz/data-structures/LinkedList/Circular.go:46.8,48.47 1 1
github.com/mstgnz/data-structures/LinkedList/Circular.go:48.47,50.4 1 1
github.com/mstgnz/data-structures/LinkedList/Circular.go:53.3,53.50 1 1
github.com/mstgnz/data-structures/LinkedList/Circular.go:58.55,62.6 2 1
github.com/mstgnz/data-structures/LinkedList/Circular.go:62.6,63.22 1 1
github.com/mstgnz/data-structures/LinkedList/Circular.go:63.22,67.4 3 1
github.com/mstgnz/data-structures/LinkedList/Circular.go:68.3,70.19 2 1
github.com/mstgnz/data-structures/LinkedList/Circular.go:70.19,73.4 2 1
github.com/mstgnz/data-structures/LinkedList/Circular.go:78.42,80.24 2 1
github.com/mstgnz/data-structures/LinkedList/Circular.go:80.24,82.3 1 1
github.com/mstgnz/data-structures/LinkedList/Circular.go:83.2,83.44 1 1
github.com/mstgnz/data-structures/LinkedList/Circular.go:87.46,91.20 2 1
github.com/mstgnz/data-structures/LinkedList/Circular.go:91.20,92.24 1 1
github.com/mstgnz/data-structures/LinkedList/Circular.go:92.24,95.4 1 1
github.com/mstgnz/data-structures/LinkedList/Circular.go:95.9,96.26 1 1
github.com/mstgnz/data-structures/LinkedList/Circular.go:96.26,98.5 1 1
github.com/mstgnz/data-structures/LinkedList/Circular.go:99.4,101.20 3 1
github.com/mstgnz/data-structures/LinkedList/Circular.go:103.3,103.13 1 1
github.com/mstgnz/data-structures/LinkedList/Circular.go:107.2,107.47 1 1
github.com/mstgnz/data-structures/LinkedList/Circular.go:107.47,109.3 1 1
github.com/mstgnz/data-structures/LinkedList/Circular.go:110.2,110.23 1 1
github.com/mstgnz/data-structures/LinkedList/Circular.go:110.23,112.3 1 1
github.com/mstgnz/data-structures/LinkedList/Circular.go:113.2,114.12 2 1
github.com/mstgnz/data-structures/LinkedList/Circular.go:118.36,123.19 5 1
github.com/mstgnz/data-structures/LinkedList/Circular.go:123.19,126.3 2 1
github.com/mstgnz/data-structures/LinkedList/Circular.go:127.2,127.13 1 1
github.com/mstgnz/data-structures/LinkedList/Circular.go:131.31,133.34 2 1
github.com/mstgnz/data-structures/LinkedList/Circular.go:133.34,135.3 1 1
github.com/mstgnz/data-structures/LinkedList/Circular.go:136.2,136.15 1 1
github.com/mstgnz/data-structures/LinkedList/Double.go:23.31,25.2 1 1
github.com/mstgnz/data-structures/LinkedList/Double.go:28.42,33.27 5 1
github.com/mstgnz/data-structures/LinkedList/Double.go:33.27,35.3 1 1
github.com/mstgnz/data-structures/LinkedList/Double.go:39.49,40.45 1 1
github.com/mstgnz/data-structures/LinkedList/Double.go:40.45,42.3 1 0
github.com/mstgnz/data-structures/LinkedList/Double.go:43.2,44.27 2 1
github.com/mstgnz/data-structures/LinkedList/Double.go:44.27,46.3 1 1
github.com/mstgnz/data-structures/LinkedList/Double.go:50.53,55.21 3 1
github.com/mstgnz/data-structures/LinkedList/Double.go:55.21,58.23 3 1
github.com/mstgnz/data-structures/LinkedList/Double.go:58.23,60.4 1 0
github.com/mstgnz/data-structures/LinkedList/Double.go:61.3,62.9 2 1
github.com/mstgnz/data-structures/LinkedList/Double.go:66.2,66.23 1 1
github.com/mstgnz/data-structures/LinkedList/Double.go:66.23,68.22 2 1
github.com/mstgnz/data-structures/LinkedList/Double.go:68.22,71.24 3 1
github.com/mstgnz/data-structures/LinkedList/Double.go:71.24,73.5 1 1
github.com/mstgnz/data-structures/LinkedList/Double.go:74.4,75.10 2 1
github.com/mstgnz/data-structures/LinkedList/Double.go:79.2,79.12 1 1
github.com/mstgnz/data-structures/LinkedList/Double.go:79.12,81.3 1 1
github.com/mstgnz/data-structures/LinkedList/Double.go:85.40,87.23 2 1
github.com/mstgnz/data-structures/LinkedList/Double.go:87.23,89.3 1 1
github.com/mstgnz/data-structures/LinkedList/Double.go:90.2,90.53 1 1
github.com/mstgnz/data-structures/LinkedList/Double.go:94.44,96.20 1 1
github.com/mstgnz/data-structures/LinkedList/Double.go:96.20,97.23 1 1
github.com/mstgnz/data-structures/LinkedList/Double.go:97.23,100.24 3 1
github.com/mstgnz/data-structures/LinkedList/Double.go:100.24,102.5 1 1
github.com/mstgnz/data-structures/LinkedList/Double.go:103.9,105.4 1 1
github.com/mstgnz/data-structures/LinkedList/Double.go:106.3,106.13 1 1
github.com/mstgnz/data-structures/LinkedList/Double.go:110.2,111.46 2 1
github.com/mstgnz/data-structures/LinkedList/Double.go:111.46,113.3 1 1
github.com/mstgnz/data-structures/LinkedList/Double.go:114.2,114.22 1 1
github.com/mstgnz/data-structures/LinkedList/Double.go:114.22,116.3 1 1
github.com/mstgnz/data-structures/LinkedList/Double.go:119.2,120.22 2 1
github.com/mstgnz/data-structures/LinkedList/Double.go:120.22,122.3 1 1
github.com/mstgnz/data-structures/LinkedList/Double.go:123.2,123.12 1 1
github.com/mstgnz/data-structures/LinkedList/Double.go:127.46,130.13 3 1
github.com/mstgnz/data-structures/LinkedList/Double.go:130.13,131.24 1 1
github.com/mstgnz/data-structures/LinkedList/Double.go:131.24,133.4 1 1
github.com/mstgnz/data-structures/LinkedList/Double.go:134.3,134.19 1 1
github.com/mstgnz/data-structures/LinkedList/Double.go:134.19,137.4 2 1
github.com/mstgnz/data-structures/LinkedList/Double.go:138.8,139.19 1 1
github.com/mstgnz/data-structures/LinkedList/Double.go:139.19,142.4 2 1
github.com/mstgnz/data-structures/LinkedList/Double.go:144.2,144.13 1 1
github.com/mstgnz/data-structures/LinkedList/Double.go:148.41,150.41 2 1
github.com/mstgnz/data-structures/LinkedList/Double.go:150.41,152.3 1 1
github.com/mstgnz/data-structures/LinkedList/Double.go:153.2,153.15 1 1
github.com/mstgnz/data-structures/LinkedList/Linear.go:21.31,23.2 1 1
github.com/mstgnz/data-structures/LinkedList/Linear.go:26.42,30.2 3 1
github.com/mstgnz/data-structures/LinkedList/Linear.go:33.49,34.19 1 1
github.com/mstgnz/data-structures/LinkedList/Linear.go:34.19,41.3 4 1
github.com/mstgnz/data-structures/LinkedList/Linear.go:43.2,44.45 2 1
github.com/mstgnz/data-structures/LinkedList/Linear.go:44.45,46.3 1 1
github.com/mstgnz/data-structures/LinkedList/Linear.go:47.2,47.47 1 1
github.com/mstgnz/data-structures/LinkedList/Linear.go:51.59,52.42 1 1
github.com/mstgnz/data-structures/LinkedList/Linear.go:52.42,54.3 1 1
github.com/mstgnz/data-structures/LinkedList/Linear.go:55.2,55.21 1 1
github.com/mstgnz/data-structures/LinkedList/Linear.go:55.21,60.3 4 1
github.com/mstgnz/data-structures/LinkedList/Linear.go:61.2,61.42 1 1
github.com/mstgnz/data-structures/LinkedList/Linear.go:65.40,67.23 2 1
github.com/mstgnz/data-structures/LinkedList/Linear.go:67.23,69.3 1 1
github.com/mstgnz/data-structures/LinkedList/Linear.go:70.2,70.41 1 1
github.com/mstgnz/data-structures/LinkedList/Linear.go:74.44,76.20 2 1
github.com/mstgnz/data-structures/LinkedList/Linear.go:76.20,77.23 1 1
github.com/mstgnz/data-structures/LinkedList/Linear.go:77.23,81.4 3 0
github.com/mstgnz/data-structures/LinkedList/Linear.go:82.3,84.13 3 1
github.com/mstgnz/data-structures/LinkedList/Linear.go:87.2,87.46 1 1
github.com/mstgnz/data-structures/LinkedList/Linear.go:87.46,89.3 1 1
github.com/mstgnz/data-structures/LinkedList/Linear.go:90.2,90.22 1 1
github.com/mstgnz/data-structures/LinkedList/Linear.go:90.22,92.3 1 1
github.com/mstgnz/data-structures/LinkedList/Linear.go:93.2,94.12 2 1
github.com/mstgnz/data-structures/LinkedList/Linear.go:98.43,100.18 2 1
github.com/mstgnz/data-structures/LinkedList/Linear.go:100.18,101.21 1 1
github.com/mstgnz/data-structures/LinkedList/Linear.go:101.21,103.4 1 1
github.com/mstgnz/data-structures/LinkedList/Linear.go:104.3,104.19 1 1
github.com/mstgnz/data-structures/LinkedList/Linear.go:106.2,106.14 1 1
github.com/mstgnz/data-structures/LinkedList/Linear.go:110.34,113.18 3 1
github.com/mstgnz/data-structures/LinkedList/Linear.go:113.18,116.3 2 1
github.com/mstgnz/data-structures/LinkedList/Linear.go:117.2,117.13 1 1
github.com/mstgnz/data-structures/LinkedList/Linear.go:121.29,123.34 2 1
github.com/mstgnz/data-structures/LinkedList/Linear.go:123.34,125.3 1 1
github.com/mstgnz/data-structures/LinkedList/Linear.go:126.2,126.15 1 1
github.com/mstgnz/data-structures/Tree/BinaryTree.go:22.39,24.2 1 1
github.com/mstgnz/data-structures/Tree/BinaryTree.go:27.42,29.2 1 1
github.com/mstgnz/data-structures/Tree/BinaryTree.go:32.42,33.33 1 1
github.com/mstgnz/data-structures/Tree/BinaryTree.go:33.33,35.3 1 1
github.com/mstgnz/data-structures/Tree/BinaryTree.go:35.8,37.3 1 1
github.com/mstgnz/data-structures/Tree/BinaryTree.go:41.47,43.2 1 1
github.com/mstgnz/data-structures/Tree/BinaryTree.go:46.35,48.24 2 1
github.com/mstgnz/data-structures/Tree/BinaryTree.go:48.24,50.3 1 1
github.com/mstgnz/data-structures/Tree/BinaryTree.go:51.2,51.15 1 1
github.com/mstgnz/data-structures/Tree/BinaryTree.go:55.35,57.23 2 1
github.com/mstgnz/data-structures/Tree/BinaryTree.go:57.23,59.3 1 1
github.com/mstgnz/data-structures/Tree/BinaryTree.go:60.2,60.15 1 1
github.com/mstgnz/data-structures/Tree/BinaryTree.go:64.42,66.2 1 1
github.com/mstgnz/data-structures/Tree/BinaryTree.go:69.50,71.15 2 1
github.com/mstgnz/data-structures/Tree/BinaryTree.go:72.13,72.13 0 1
github.com/mstgnz/data-structures/Tree/BinaryTree.go:73.13,74.34 1 1
github.com/mstgnz/data-structures/Tree/BinaryTree.go:75.13,75.13 0 1
github.com/mstgnz/data-structures/Tree/BinaryTree.go:76.13,77.35 1 0
github.com/mstgnz/data-structures/Tree/BinaryTree.go:78.10,79.33 1 1
github.com/mstgnz/data-structures/Tree/BinaryTree.go:81.2,81.13 1 1
github.com/mstgnz/data-structures/Tree/BinaryTree.go:85.45,87.39 2 1
github.com/mstgnz/data-structures/Tree/BinaryTree.go:87.39,89.3 1 1
github.com/mstgnz/data-structures/Tree/BinaryTree.go:90.2,90.15 1 1
github.com/mstgnz/data-structures/Tree/BinaryTree.go:94.62,95.17 1 1
github.com/mstgnz/data-structures/Tree/BinaryTree.go:95.17,97.3 1 1
github.com/mstgnz/data-structures/Tree/BinaryTree.go:98.2,98.20 1 1
github.com/mstgnz/data-structures/Tree/BinaryTree.go:98.20,102.3 3 0
github.com/mstgnz/data-structures/Tree/BinaryTree.go:102.8,106.3 3 1
github.com/mstgnz/data-structures/Tree/BinaryTree.go:110.63,111.17 1 1
github.com/mstgnz/data-structures/Tree/BinaryTree.go:111.17,113.3 1 0
github.com/mstgnz/data-structures/Tree/BinaryTree.go:114.2,114.20 1 1
github.com/mstgnz/data-structures/Tree/BinaryTree.go:114.20,118.3 3 1
github.com/mstgnz/data-structures/Tree/BinaryTree.go:118.8,122.3 3 0
github.com/mstgnz/data-structures/Tree/BinaryTree.go:126.64,127.17 1 0
github.com/mstgnz/data-structures/Tree/BinaryTree.go:127.17,129.3 1 0
github.com/mstgnz/data-structures/Tree/BinaryTree.go:130.2,130.20 1 0
github.com/mstgnz/data-structures/Tree/BinaryTree.go:130.20,134.3 3 0
github.com/mstgnz/data-structures/Tree/BinaryTree.go:134.8,138.3 3 0
github.com/mstgnz/data-structures/Tree/BinaryTree.go:142.62,143.17 1 1
github.com/mstgnz/data-structures/Tree/BinaryTree.go:143.17,144.20 1 1
github.com/mstgnz/data-structures/Tree/BinaryTree.go:144.20,146.4 1 1
github.com/mstgnz/data-structures/Tree/BinaryTree.go:146.9,148.4 1 1
github.com/mstgnz/data-structures/Tree/BinaryTree.go:149.8,151.3 1 1
github.com/mstgnz/data-structures/Tree/BinaryTree.go:152.2,152.13 1 1
github.com/mstgnz/data-structures/Tree/BinaryTree.go:156.55,157.17 1 1
github.com/mstgnz/data-structures/Tree/BinaryTree.go:157.17,159.3 1 1
github.com/mstgnz/data-structures/Tree/BinaryTree.go:160.2,160.20 1 1
github.com/mstgnz/data-structures/Tree/BinaryTree.go:160.20,162.3 1 1
github.com/mstgnz/data-structures/Tree/BinaryTree.go:163.2,163.38 1 1
github.com/mstgnz/data-structures/Tree/BinaryTree.go:163.38,165.3 1 1
github.com/mstgnz/data-structures/Tree/BinaryTree.go:166.2,166.39 1 1
github.com/mstgnz/data-structures/Tree/BinaryTree.go:166.39,168.3 1 1
github.com/mstgnz/data-structures/Tree/BinaryTree.go:169.2,169.14 1 1
github.com/mstgnz/data-structures/Tree/BinaryTree.go:173.62,174.17 1 1
github.com/mstgnz/data-structures/Tree/BinaryTree.go:174.17,176.3 1 0
github.com/mstgnz/data-structures/Tree/BinaryTree.go:177.2,177.20 1 1
github.com/mstgnz/data-structures/Tree/BinaryTree.go:177.20,178.44 1 1
github.com/mstgnz/data-structures/Tree/BinaryTree.go:178.44,180.4 1 1
github.com/mstgnz/data-structures/Tree/BinaryTree.go:181.3,181.24 1 1
github.com/mstgnz/data-structures/Tree/BinaryTree.go:181.24,184.4 2 1
github.com/mstgnz/data-structures/Tree/BinaryTree.go:184.9,187.4 2 0
github.com/mstgnz/data-structures/Tree/BinaryTree.go:188.8,189.20 1 1
github.com/mstgnz/data-structures/Tree/BinaryTree.go:189.20,191.4 1 1
github.com/mstgnz/data-structures/Tree/BinaryTree.go:191.9,193.4 1 0
github.com/mstgnz/data-structures/Tree/BinaryTree.go:195.2,195.13 1 1
github.com/mstgnz/data-structures/Tree/BinaryTree.go:199.32,201.24 2 0
github.com/mstgnz/data-structures/Tree/BinaryTree.go:201.24,203.3 1 0
github.com/mstgnz/data-structures/Tree/BinaryTree.go:204.2,204.15 1 0
github.com/mstgnz/data-structures/Tree/BinaryTree.go:208.32,210.23 2 1
github.com/mstgnz/data-structures/Tree/BinaryTree.go:210.23,212.3 1 0
github.com/mstgnz/data-structures/Tree/BinaryTree.go:213.2,213.15 1 1
github.com/mstgnz/data-structures/Queue/ArrayQueue.go:20.31,22.2 1 1
github.com/mstgnz/data-structures/Queue/ArrayQueue.go:25.42,30.34 1 1
github.com/mstgnz/data-structures/Queue/ArrayQueue.go:30.34,31.26 1 1
github.com/mstgnz/data-structures/Queue/ArrayQueue.go:31.26,33.37 2 1
github.com/mstgnz/data-structures/Queue/ArrayQueue.go:33.37,35.5 1 1
github.com/mstgnz/data-structures/Queue/ArrayQueue.go:36.4,37.20 2 1
github.com/mstgnz/data-structures/Queue/ArrayQueue.go:38.9,40.4 1 0
github.com/mstgnz/data-structures/Queue/ArrayQueue.go:42.2,43.17 2 1
github.com/mstgnz/data-structures/Queue/ArrayQueue.go:47.34,49.47 1 1
github.com/mstgnz/data-structures/Queue/ArrayQueue.go:49.47,51.3 1 1
github.com/mstgnz/data-structures/Queue/ArrayQueue.go:52.2,54.51 3 1
github.com/mstgnz/data-structures/Queue/ArrayQueue.go:54.51,57.51 3 1
github.com/mstgnz/data-structures/Queue/ArrayQueue.go:57.51,60.4 2 1
github.com/mstgnz/data-structures/Queue/ArrayQueue.go:61.3,64.21 4 1
github.com/mstgnz/data-structures/Queue/ArrayQueue.go:69.33,72.50 3 0
github.com/mstgnz/data-structures/Queue/ArrayQueue.go:72.50,75.3 2 0
github.com/mstgnz/data-structures/Queue/ArrayQueue.go:76.2,78.20 3 0
github.com/mstgnz/data-structures/Queue/ArrayQueue.go:82.37,83.37 1 1
github.com/mstgnz/data-structures/Queue/ArrayQueue.go:83.37,85.3 1 1
github.com/mstgnz/data-structures/Queue/ArrayQueue.go:86.2,87.50 2 1
github.com/mstgnz/data-structures/Queue/ArrayQueue.go:87.50,89.3 1 1
github.com/mstgnz/data-structures/Queue/ArrayQueue.go:90.2,90.13 1 1
github.com/mstgnz/data-structures/Queue/ArrayQueue.go:94.32,96.33 2 1
github.com/mstgnz/data-structures/Queue/ArrayQueue.go:96.33,98.3 1 1
github.com/mstgnz/data-structures/Queue/ArrayQueue.go:99.2,99.15 1 1
github.com/mstgnz/data-structures/Queue/LinkedListQueue.go:17.49,19.2 1 1
github.com/mstgnz/data-structures/Queue/LinkedListQueue.go:22.47,24.18 2 1
github.com/mstgnz/data-structures/Queue/LinkedListQueue.go:24.18,26.3 1 1
github.com/mstgnz/data-structures/Queue/LinkedListQueue.go:26.8,27.24 1 1
github.com/mstgnz/data-structures/Queue/LinkedListQueue.go:27.24,29.4 1 1
github.com/mstgnz/data-structures/Queue/LinkedListQueue.go:30.3,30.51 1 1
github.com/mstgnz/data-structures/Queue/LinkedListQueue.go:35.39,36.21 1 1
github.com/mstgnz/data-structures/Queue/LinkedListQueue.go:36.21,38.3 1 1
github.com/mstgnz/data-structures/Queue/LinkedListQueue.go:38.8,40.3 1 1
github.com/mstgnz/data-structures/Queue/LinkedListQueue.go:44.42,47.18 3 1
github.com/mstgnz/data-structures/Queue/LinkedListQueue.go:47.18,50.3 2 1
github.com/mstgnz/data-structures/Queue/LinkedListQueue.go:51.2,51.13 1 1
github.com/mstgnz/data-structures/Queue/LinkedListQueue.go:55.37,57.33 2 1
github.com/mstgnz/data-structures/Queue/LinkedListQueue.go:57.33,59.3 1 1
github.com/mstgnz/data-structures/Queue/LinkedListQueue.go:60.2,60.15 1 1
github.com/mstgnz/data-structures/Stack/ArrayStack.go:19.31,21.2 1 1
github.com/mstgnz/data-structures/Stack/ArrayStack.go:24.39,25.30 1 1
github.com/mstgnz/data-structures/Stack/ArrayStack.go:25.30,27.36 2 1
github.com/mstgnz/data-structures/Stack/ArrayStack.go:27.36,29.4 1 1
github.com/mstgnz/data-structures/Stack/ArrayStack.go:30.3,31.19 2 1
github.com/mstgnz/data-structures/Stack/ArrayStack.go:33.2,34.13 2 1
github.com/mstgnz/data-structures/Stack/ArrayStack.go:38.30,39.19 1 1
github.com/mstgnz/data-structures/Stack/ArrayStack.go:39.19,41.3 1 1
github.com/mstgnz/data-structures/Stack/ArrayStack.go:42.2,44.51 3 1
github.com/mstgnz/data-structures/Stack/ArrayStack.go:44.51,46.34 2 1
github.com/mstgnz/data-structures/Stack/ArrayStack.go:46.34,48.4 1 1
github.com/mstgnz/data-structures/Stack/ArrayStack.go:49.3,50.19 2 1
github.com/mstgnz/data-structures/Stack/ArrayStack.go:55.39,57.2 1 1
github.com/mstgnz/data-structures/Stack/ArrayStack.go:60.37,62.33 2 1
github.com/mstgnz/data-structures/Stack/ArrayStack.go:62.33,64.3 1 1
github.com/mstgnz/data-structures/Stack/ArrayStack.go:65.2,65.13 1 1
github.com/mstgnz/data-structures/Stack/ArrayStack.go:69.32,71.33 2 1
github.com/mstgnz/data-structures/Stack/ArrayStack.go:71.33,73.3 1 1
github.com/mstgnz/data-structures/Stack/ArrayStack.go:74.2,74.15 1 1
github.com/mstgnz/data-structures/Stack/LinkedListStack.go:18.49,20.2 1 1
github.com/mstgnz/data-structures/Stack/LinkedListStack.go:23.44,24.17 1 1
github.com/mstgnz/data-structures/Stack/LinkedListStack.go:24.17,27.3 2 1
github.com/mstgnz/data-structures/Stack/LinkedListStack.go:28.2,33.18 6 1
github.com/mstgnz/data-structures/Stack/LinkedListStack.go:37.35,38.19 1 1
github.com/mstgnz/data-structures/Stack/LinkedListStack.go:38.19,40.3 1 1
github.com/mstgnz/data-structures/Stack/LinkedListStack.go:41.2,41.21 1 1
github.com/mstgnz/data-structures/Stack/LinkedListStack.go:41.21,44.3 2 1
github.com/mstgnz/data-structures/Stack/LinkedListStack.go:45.2,46.26 2 1
github.com/mstgnz/data-structures/Stack/LinkedListStack.go:50.44,52.2 1 1
github.com/mstgnz/data-structures/Stack/LinkedListStack.go:55.42,58.18 3 1
github.com/mstgnz/data-structures/Stack/LinkedListStack.go:58.18,59.19 1 1
github.com/mstgnz/data-structures/Stack/LinkedListStack.go:59.19,61.4 1 1
github.com/mstgnz/data-structures/Stack/LinkedListStack.go:62.3,62.19 1 1
github.com/mstgnz/data-structures/Stack/LinkedListStack.go:64.2,64.13 1 1
github.com/mstgnz/data-structures/Stack/LinkedListStack.go:68.37,70.33 2 0
github.com/mstgnz/data-structures/Stack/LinkedListStack.go:70.33,72.3 1 0
github.com/mstgnz/data-structures/Stack/LinkedListStack.go:73.2,73.15 1 0
